<?xml version="1.0" encoding="UTF-8"?>
<!-- Generated by org.testng.reporters.JUnitXMLReporter -->
<testsuite hostname="AA-PC" ignored="0" name="Default test" tests="3" failures="0" timestamp="2019-11-15T12:39:29 IST" time="0.109" errors="0">
  <testcase name="tc001" time="0.015" classname="framework_testng.TestSuite.Class1"/>
  <testcase name="tc002" time="0.0" classname="framework_testng.TestSuite.Class1"/>
  <testcase name="tc003" time="0.0" classname="framework_testng.TestSuite.Class1"/>
</testsuite> <!-- Default test -->
