<?xml version="1.0" encoding="UTF-8"?>
<!-- Generated by org.testng.reporters.JUnitXMLReporter -->
<testsuite hostname="AA-PC" ignored="3" name="Default test" tests="1" failures="1" timestamp="2019-11-16T12:37:58 IST" time="0.078" errors="0">
  <testcase name="User_registration" time="0.0" classname="framework_testng.Suite_Parameter.Get_Parameters_From_Suite">
    <failure type="org.testng.TestNGException" message="
Parameter &amp;apos;Fname&amp;apos; is required by @Test on method User_registration but has not been marked @Optional or defined
in C:\Users\Administrator\AppData\Local\Temp\testng-eclipse--921312001\testng-customsuite.xml">
      <![CDATA[org.testng.TestNGException: 
Parameter 'Fname' is required by @Test on method User_registration but has not been marked @Optional or defined
in C:\Users\Administrator\AppData\Local\Temp\testng-eclipse--921312001\testng-customsuite.xml
at org.testng.internal.Parameters.createParams(Parameters.java:289)
at org.testng.internal.Parameters.createParametersForMethod(Parameters.java:377)
at org.testng.internal.Parameters.createParameters(Parameters.java:721)
at org.testng.internal.Parameters.handleParameters(Parameters.java:895)
at org.testng.internal.Parameters.handleParameters(Parameters.java:762)
at org.testng.internal.ParameterHandler.handleParameters(ParameterHandler.java:60)
at org.testng.internal.ParameterHandler.createParameters(ParameterHandler.java:39)
at org.testng.internal.TestInvoker$MethodInvocationAgent.invoke(TestInvoker.java:771)
at org.testng.internal.TestInvoker.invokeTestMethods(TestInvoker.java:145)
at org.testng.internal.TestMethodWorker.invokeTestMethods(TestMethodWorker.java:146)
at org.testng.internal.TestMethodWorker.run(TestMethodWorker.java:128)
at java.util.ArrayList.forEach(Unknown Source)
at org.testng.TestRunner.privateRun(TestRunner.java:770)
at org.testng.TestRunner.run(TestRunner.java:591)
at org.testng.SuiteRunner.runTest(SuiteRunner.java:402)
at org.testng.SuiteRunner.runSequentially(SuiteRunner.java:396)
at org.testng.SuiteRunner.privateRun(SuiteRunner.java:355)
at org.testng.SuiteRunner.run(SuiteRunner.java:304)
at org.testng.SuiteRunnerWorker.runSuite(SuiteRunnerWorker.java:53)
at org.testng.SuiteRunnerWorker.run(SuiteRunnerWorker.java:96)
at org.testng.TestNG.runSuitesSequentially(TestNG.java:1180)
at org.testng.TestNG.runSuitesLocally(TestNG.java:1102)
at org.testng.TestNG.runSuites(TestNG.java:1032)
at org.testng.TestNG.run(TestNG.java:1000)
at org.testng.remote.AbstractRemoteTestNG.run(AbstractRemoteTestNG.java:115)
at org.testng.remote.RemoteTestNG.initAndRun(RemoteTestNG.java:251)
at org.testng.remote.RemoteTestNG.main(RemoteTestNG.java:77)
]]>
    </failure>
  </testcase> <!-- User_registration -->
  <testcase name="User_login" time="0.0" classname="framework_testng.Suite_Parameter.Get_Parameters_From_Suite">
    <ignored/>
  </testcase> <!-- User_login -->
  <testcase name="loadWebpage" time="0.0" classname="framework_testng.Suite_Parameter.Get_Parameters_From_Suite">
    <ignored/>
  </testcase> <!-- loadWebpage -->
  <testcase name="launch_browser" time="0.0" classname="framework_testng.Suite_Parameter.Get_Parameters_From_Suite">
    <ignored/>
  </testcase> <!-- launch_browser -->
</testsuite> <!-- Default test -->
