<?xml version="1.0" encoding="UTF-8"?>
<testng-results skipped="0" failed="0" ignored="0" total="8" passed="8">
  <reporter-output>
  </reporter-output>
  <suite name="deafult" duration-ms="39296" started-at="2019-11-16T12:58:58 IST" finished-at="2019-11-16T12:59:37 IST">
    <groups>
    </groups>
    <test name="test1" duration-ms="31493" started-at="2019-11-16T12:58:58 IST" finished-at="2019-11-16T12:59:29 IST">
      <class name="framework_testng.CrossBrowser.CrossBrowser_Test">
        <test-method status="PASS" signature="launchBrowser(java.lang.String)[pri:0, instance:framework_testng.CrossBrowser.CrossBrowser_Test@23e028a9]" name="launchBrowser" duration-ms="3547" started-at="2019-11-16T12:58:58 IST" finished-at="2019-11-16T12:59:01 IST">
          <params>
            <param index="0">
              <value>
                <![CDATA[chrome]]>
              </value>
            </param>
          </params>
          <reporter-output>
          </reporter-output>
        </test-method> <!-- launchBrowser -->
        <test-method status="PASS" signature="loadApp(java.lang.String)[pri:1, instance:framework_testng.CrossBrowser.CrossBrowser_Test@23e028a9]" name="loadApp" duration-ms="10246" started-at="2019-11-16T12:59:01 IST" finished-at="2019-11-16T12:59:11 IST">
          <params>
            <param index="0">
              <value>
                <![CDATA[http://cleartrip.com]]>
              </value>
            </param>
          </params>
          <reporter-output>
          </reporter-output>
        </test-method> <!-- loadApp -->
        <test-method status="PASS" signature="flight_search()[pri:2, instance:framework_testng.CrossBrowser.CrossBrowser_Test@23e028a9]" name="flight_search" duration-ms="12476" started-at="2019-11-16T12:59:11 IST" finished-at="2019-11-16T12:59:24 IST">
          <reporter-output>
          </reporter-output>
        </test-method> <!-- flight_search -->
        <test-method status="PASS" signature="closeBrowser()[pri:3, instance:framework_testng.CrossBrowser.CrossBrowser_Test@23e028a9]" name="closeBrowser" duration-ms="5167" started-at="2019-11-16T12:59:24 IST" finished-at="2019-11-16T12:59:29 IST">
          <reporter-output>
          </reporter-output>
        </test-method> <!-- closeBrowser -->
      </class> <!-- framework_testng.CrossBrowser.CrossBrowser_Test -->
    </test> <!-- test1 -->
    <test name="test2" duration-ms="39296" started-at="2019-11-16T12:58:58 IST" finished-at="2019-11-16T12:59:37 IST">
      <class name="framework_testng.CrossBrowser.CrossBrowser_Test">
        <test-method status="PASS" signature="launchBrowser(java.lang.String)[pri:0, instance:framework_testng.CrossBrowser.CrossBrowser_Test@6c49835d]" name="launchBrowser" duration-ms="5826" started-at="2019-11-16T12:58:58 IST" finished-at="2019-11-16T12:59:04 IST">
          <params>
            <param index="0">
              <value>
                <![CDATA[firefox]]>
              </value>
            </param>
          </params>
          <reporter-output>
          </reporter-output>
        </test-method> <!-- launchBrowser -->
        <test-method status="PASS" signature="loadApp(java.lang.String)[pri:1, instance:framework_testng.CrossBrowser.CrossBrowser_Test@6c49835d]" name="loadApp" duration-ms="9880" started-at="2019-11-16T12:59:04 IST" finished-at="2019-11-16T12:59:13 IST">
          <params>
            <param index="0">
              <value>
                <![CDATA[http://cleartrip.com]]>
              </value>
            </param>
          </params>
          <reporter-output>
          </reporter-output>
        </test-method> <!-- loadApp -->
        <test-method status="PASS" signature="flight_search()[pri:2, instance:framework_testng.CrossBrowser.CrossBrowser_Test@6c49835d]" name="flight_search" duration-ms="15043" started-at="2019-11-16T12:59:13 IST" finished-at="2019-11-16T12:59:29 IST">
          <reporter-output>
          </reporter-output>
        </test-method> <!-- flight_search -->
        <test-method status="PASS" signature="closeBrowser()[pri:3, instance:framework_testng.CrossBrowser.CrossBrowser_Test@6c49835d]" name="closeBrowser" duration-ms="8427" started-at="2019-11-16T12:59:29 IST" finished-at="2019-11-16T12:59:37 IST">
          <reporter-output>
          </reporter-output>
        </test-method> <!-- closeBrowser -->
      </class> <!-- framework_testng.CrossBrowser.CrossBrowser_Test -->
    </test> <!-- test2 -->
  </suite> <!-- deafult -->
</testng-results>
