<?xml version="1.0" encoding="UTF-8"?>
<testng-results skipped="0" failed="0" ignored="2" total="6" passed="4">
  <reporter-output>
    <line>
      <![CDATA[tcoo2 executed]]>
    </line>
    <line>
      <![CDATA[tcoo3 executed]]>
    </line>
    <line>
      <![CDATA[tcoo5 executed]]>
    </line>
    <line>
      <![CDATA[tcoo6 executed]]>
    </line>
  </reporter-output>
  <suite name="default-suite" duration-ms="63" started-at="2019-11-15T12:45:00 IST" finished-at="2019-11-15T12:45:00 IST">
    <groups>
    </groups>
    <test name="test1" duration-ms="63" started-at="2019-11-15T12:45:00 IST" finished-at="2019-11-15T12:45:00 IST">
      <class name="framework_testng.TestSuite.Class1">
        <test-method status="PASS" signature="tc002()[pri:0, instance:framework_testng.TestSuite.Class1@4f970963]" name="tc002" duration-ms="15" started-at="2019-11-15T12:45:00 IST" finished-at="2019-11-15T12:45:00 IST">
          <reporter-output>
            <line>
              <![CDATA[tcoo2 executed]]>
            </line>
          </reporter-output>
        </test-method> <!-- tc002 -->
        <test-method status="PASS" signature="tc003()[pri:0, instance:framework_testng.TestSuite.Class1@4f970963]" name="tc003" duration-ms="0" started-at="2019-11-15T12:45:00 IST" finished-at="2019-11-15T12:45:00 IST">
          <reporter-output>
            <line>
              <![CDATA[tcoo3 executed]]>
            </line>
          </reporter-output>
        </test-method> <!-- tc003 -->
      </class> <!-- framework_testng.TestSuite.Class1 -->
      <class name="framework_testng.TestSuite.Class2">
        <test-method status="PASS" signature="tc005()[pri:0, instance:framework_testng.TestSuite.Class2@61f8bee4]" name="tc005" duration-ms="16" started-at="2019-11-15T12:45:00 IST" finished-at="2019-11-15T12:45:00 IST">
          <reporter-output>
            <line>
              <![CDATA[tcoo5 executed]]>
            </line>
          </reporter-output>
        </test-method> <!-- tc005 -->
        <test-method status="PASS" signature="tc006()[pri:0, instance:framework_testng.TestSuite.Class2@61f8bee4]" name="tc006" duration-ms="0" started-at="2019-11-15T12:45:00 IST" finished-at="2019-11-15T12:45:00 IST">
          <reporter-output>
            <line>
              <![CDATA[tcoo6 executed]]>
            </line>
          </reporter-output>
        </test-method> <!-- tc006 -->
      </class> <!-- framework_testng.TestSuite.Class2 -->
    </test> <!-- test1 -->
  </suite> <!-- default-suite -->
</testng-results>
