<?xml version="1.0" encoding="UTF-8"?>
<!-- Generated by org.testng.reporters.JUnitXMLReporter -->
<testsuite hostname="AA-PC" ignored="2" name="test1" tests="4" failures="0" timestamp="2019-11-15T12:45:01 IST" time="0.063" errors="0">
  <testcase name="tc002" time="0.015" classname="framework_testng.TestSuite.Class1"/>
  <testcase name="tc003" time="0.0" classname="framework_testng.TestSuite.Class1"/>
  <testcase name="tc005" time="0.016" classname="framework_testng.TestSuite.Class2"/>
  <testcase name="tc006" time="0.0" classname="framework_testng.TestSuite.Class2"/>
  <testcase name="tc001" time="0.0" classname="framework_testng.TestSuite.Class1">
    <ignored/>
  </testcase> <!-- tc001 -->
  <testcase name="tc004" time="0.0" classname="framework_testng.TestSuite.Class2">
    <ignored/>
  </testcase> <!-- tc004 -->
</testsuite> <!-- test1 -->
