<?xml version="1.0" encoding="UTF-8"?>
<!-- Generated by org.testng.reporters.JUnitXMLReporter -->
<testsuite hostname="AA-PC" ignored="0" name="test1" tests="7" failures="0" timestamp="2019-11-16T12:59:29 IST" time="31.493" errors="0">
  <testcase name="launchBrowser" time="3.547" classname="framework_testng.CrossBrowser.CrossBrowser_Test"/>
  <testcase name="launchBrowser" time="5.826" classname="framework_testng.CrossBrowser.CrossBrowser_Test"/>
  <testcase name="loadApp" time="10.246" classname="framework_testng.CrossBrowser.CrossBrowser_Test"/>
  <testcase name="loadApp" time="9.88" classname="framework_testng.CrossBrowser.CrossBrowser_Test"/>
  <testcase name="flight_search" time="12.476" classname="framework_testng.CrossBrowser.CrossBrowser_Test"/>
  <testcase name="flight_search" time="15.043" classname="framework_testng.CrossBrowser.CrossBrowser_Test"/>
  <testcase name="closeBrowser" time="5.167" classname="framework_testng.CrossBrowser.CrossBrowser_Test"/>
</testsuite> <!-- test1 -->
