<?xml version="1.0" encoding="UTF-8"?>
<!-- Generated by org.testng.reporters.JUnitReportReporter -->
<testsuite skipped="1" hostname="AA-PC" name="framework_testng.Method_Ignore" tests="3" failures="0" timestamp="2019-11-14T12:50:00 IST" time="0.016" errors="0">
  <testcase name="tc001" time="0.016" classname="framework_testng.Method_Ignore"/>
  <testcase name="tc003" time="0.000" classname="framework_testng.Method_Ignore"/>
  <testcase name="tc002" classname="framework_testng.Method_Ignore">
    <skipped/>
  </testcase> <!-- tc002 -->
</testsuite> <!-- framework_testng.Method_Ignore -->
